scons: Reading SConscript files ...
Checking whether __i386__ is declared... (cached) no
Checking whether __x86_64__ is declared... (cached) yes
scons: done reading SConscript files.
scons: Building targets ...
g++ -o build/examples/master_port/gem5.sc build/examples/master_port/main.o build/examples/master_port/traffic_generator.o build/tlm/libgem5_tlm.a build/examples/common/cli_parser.o build/examples/common/report_handler.o build/systemc/libsystemc.so /home/pzy/Documents/gem5/gem5/build/RISCV/libgem5_opt.so
/usr/bin/ld: /home/pzy/Documents/gem5/gem5/build/RISCV/libgem5_opt.so: undefined reference to `gem5::LupioTMRParams::create() const'
/usr/bin/ld: /home/pzy/Documents/gem5/gem5/build/RISCV/libgem5_opt.so: undefined reference to `gem5::DeltaCorrelatingPredictionTablesParams::create() const'
/usr/bin/ld: /home/pzy/Documents/gem5/gem5/build/RISCV/libgem5_opt.so: undefined reference to `gem5::LupioBLKParams::create() const'
/usr/bin/ld: /home/pzy/Documents/gem5/gem5/build/RISCV/libgem5_opt.so: undefined reference to `gem5::MemCtrlParams::create() const'
/usr/bin/ld: /home/pzy/Documents/gem5/gem5/build/RISCV/libgem5_opt.so: undefined reference to `gem5::TimingSimpleCPUParams::create() const'
/usr/bin/ld: /home/pzy/Documents/gem5/gem5/build/RISCV/libgem5_opt.so: undefined reference to `gem5::SignaturePathPrefetcherParams::create() const'
/usr/bin/ld: /home/pzy/Documents/gem5/gem5/build/RISCV/libgem5_opt.so: undefined reference to `gem5::WeightedLRURPParams::create() const'
/usr/bin/ld: /home/pzy/Documents/gem5/gem5/build/RISCV/libgem5_opt.so: undefined reference to `gem5::TAGEParams::create() const'
/usr/bin/ld: /home/pzy/Documents/gem5/gem5/build/RISCV/libgem5_opt.so: undefined reference to `gem5::AtomicSimpleCPUParams::create() const'
/usr/bin/ld: /home/pzy/Documents/gem5/gem5/build/RISCV/libgem5_opt.so: undefined reference to `gem5::DummyCheckerParams::create() const'
/usr/bin/ld: /home/pzy/Documents/gem5/gem5/build/RISCV/libgem5_opt.so: undefined reference to `gem5::DVFSHandlerParams::create() const'
/usr/bin/ld: /home/pzy/Documents/gem5/gem5/build/RISCV/libgem5_opt.so: undefined reference to `gem5::NSGigEParams::create() const'
/usr/bin/ld: /home/pzy/Documents/gem5/gem5/build/RISCV/libgem5_opt.so: undefined reference to `gem5::RubyCacheParams::create() const'
/usr/bin/ld: /home/pzy/Documents/gem5/gem5/build/RISCV/libgem5_opt.so: undefined reference to `gem5::GarnetRouterParams::create() const'
/usr/bin/ld: /home/pzy/Documents/gem5/gem5/build/RISCV/libgem5_opt.so: undefined reference to `gem5::NetworkLinkParams::create() const'
/usr/bin/ld: /home/pzy/Documents/gem5/gem5/build/RISCV/libgem5_opt.so: undefined reference to `sc_gem5::WriteChecker<(sc_core::sc_writer_policy)0>::checkWriter()'
/usr/bin/ld: /home/pzy/Documents/gem5/gem5/build/RISCV/libgem5_opt.so: undefined reference to `gem5::EtherBusParams::create() const'
/usr/bin/ld: /home/pzy/Documents/gem5/gem5/build/RISCV/libgem5_opt.so: undefined reference to `gem5::QoSTurnaroundPolicyIdealParams::create() const'
/usr/bin/ld: /home/pzy/Documents/gem5/gem5/build/RISCV/libgem5_opt.so: undefined reference to `gem5::SimpleIndirectPredictorParams::create() const'
/usr/bin/ld: /home/pzy/Documents/gem5/gem5/build/RISCV/libgem5_opt.so: undefined reference to `gem5::RiscvMmioVirtIOParams::create() const'
/usr/bin/ld: /home/pzy/Documents/gem5/gem5/build/RISCV/libgem5_opt.so: undefined reference to `gem5::MPP_TAGE_8KBParams::create() const'
/usr/bin/ld: /home/pzy/Documents/gem5/gem5/build/RISCV/libgem5_opt.so: undefined reference to `gem5::CfiMemoryParams::create() const'
/usr/bin/ld: /home/pzy/Documents/gem5/gem5/build/RISCV/libgem5_opt.so: undefined reference to `gem5::CommMonitorParams::create() const'
/usr/bin/ld: /home/pzy/Documents/gem5/gem5/build/RISCV/libgem5_opt.so: undefined reference to `gem5::MemCheckerParams::create() const'
/usr/bin/ld: /home/pzy/Documents/gem5/gem5/build/RISCV/libgem5_opt.so: undefined reference to `gem5::IntelTraceParams::create() const'
/usr/bin/ld: /home/pzy/Documents/gem5/gem5/build/RISCV/libgem5_opt.so: undefined reference to `sc_core::sc_gen_unique_name(char const*)'
/usr/bin/ld: /home/pzy/Documents/gem5/gem5/build/RISCV/libgem5_opt.so: undefined reference to `gem5::QoSMemSinkInterfaceParams::create() const'
/usr/bin/ld: /home/pzy/Documents/gem5/gem5/build/RISCV/libgem5_opt.so: undefined reference to `gem5::RedirectPathParams::create() const'
/usr/bin/ld: /home/pzy/Documents/gem5/gem5/build/RISCV/libgem5_opt.so: undefined reference to `gem5::VirtIO9PSocketParams::create() const'
/usr/bin/ld: /home/pzy/Documents/gem5/gem5/build/RISCV/libgem5_opt.so: undefined reference to `gem5::BridgeParams::create() const'
/usr/bin/ld: /home/pzy/Documents/gem5/gem5/build/RISCV/libgem5_opt.so: undefined reference to `gem5::SinicParams::create() const'
/usr/bin/ld: /home/pzy/Documents/gem5/gem5/build/RISCV/libgem5_opt.so: undefined reference to `gem5::CacheParams::create() const'
/usr/bin/ld: /home/pzy/Documents/gem5/gem5/build/RISCV/libgem5_opt.so: undefined reference to `gem5::FrequentValuesCompressorParams::create() const'
/usr/bin/ld: /home/pzy/Documents/gem5/gem5/build/RISCV/libgem5_opt.so: undefined reference to `gem5::SecondChanceRPParams::create() const'
/usr/bin/ld: /home/pzy/Documents/gem5/gem5/build/RISCV/libgem5_opt.so: undefined reference to `gem5::TimingExprReadIntRegParams::create() const'
/usr/bin/ld: /home/pzy/Documents/gem5/gem5/build/RISCV/libgem5_opt.so: undefined reference to `gem5::TimingExprBinParams::create() const'
/usr/bin/ld: /home/pzy/Documents/gem5/gem5/build/RISCV/libgem5_opt.so: undefined reference to `gem5::RepeatedQwordsCompressorParams::create() const'
/usr/bin/ld: /home/pzy/Documents/gem5/gem5/build/RISCV/libgem5_opt.so: undefined reference to `gem5::SerialLinkParams::create() const'
/usr/bin/ld: /home/pzy/Documents/gem5/gem5/build/RISCV/libgem5_opt.so: undefined reference to `gem5::TerminalParams::create() const'
/usr/bin/ld: /home/pzy/Documents/gem5/gem5/build/RISCV/libgem5_opt.so: undefined reference to `gem5::VirtIOConsoleParams::create() const'
/usr/bin/ld: /home/pzy/Documents/gem5/gem5/build/RISCV/libgem5_opt.so: undefined reference to `gem5::MinorFUParams::create() const'
/usr/bin/ld: /home/pzy/Documents/gem5/gem5/build/RISCV/libgem5_opt.so: undefined reference to `gem5::ExternalSlaveParams::create() const'
/usr/bin/ld: /home/pzy/Documents/gem5/gem5/build/RISCV/libgem5_opt.so: undefined reference to `gem5::PlicParams::create() const'
/usr/bin/ld: /home/pzy/Documents/gem5/gem5/build/RISCV/libgem5_opt.so: undefined reference to `gem5::TournamentBPParams::create() const'
/usr/bin/ld: /home/pzy/Documents/gem5/gem5/build/RISCV/libgem5_opt.so: undefined reference to `gem5::ThermalDomainParams::create() const'
/usr/bin/ld: /home/pzy/Documents/gem5/gem5/build/RISCV/libgem5_opt.so: undefined reference to `sc_gem5::InternalScEvent::InternalScEvent()'
/usr/bin/ld: /home/pzy/Documents/gem5/gem5/build/RISCV/libgem5_opt.so: undefined reference to `sc_gem5::ScSignalBase::ScSignalBase(char const*)'
/usr/bin/ld: /home/pzy/Documents/gem5/gem5/build/RISCV/libgem5_opt.so: undefined reference to `sc_gem5::newThreadProcess(char const*, sc_gem5::ProcessFuncWrapper*)'
/usr/bin/ld: /home/pzy/Documents/gem5/gem5/build/RISCV/libgem5_opt.so: undefined reference to `gem5::BasicIntLinkParams::create() const'
/usr/bin/ld: /home/pzy/Documents/gem5/gem5/build/RISCV/libgem5_opt.so: undefined reference to `gem5::SimpleMemDelayParams::create() const'
/usr/bin/ld: /home/pzy/Documents/gem5/gem5/build/RISCV/libgem5_opt.so: undefined reference to `gem5::PMACheckerParams::create() const'
/usr/bin/ld: /home/pzy/Documents/gem5/gem5/build/RISCV/libgem5_opt.so: undefined reference to `gem5::MPP_LoopPredictorParams::create() const'
/usr/bin/ld: /home/pzy/Documents/gem5/gem5/build/RISCV/libgem5_opt.so: undefined reference to `gem5::GarnetSyntheticTrafficParams::create() const'
/usr/bin/ld: /home/pzy/Documents/gem5/gem5/build/RISCV/libgem5_opt.so: undefined reference to `gem5::RiscvRTCParams::create() const'
/usr/bin/ld: /home/pzy/Documents/gem5/gem5/build/RISCV/libgem5_opt.so: undefined reference to `gem5::DCPTPrefetcherParams::create() const'
/usr/bin/ld: /home/pzy/Documents/gem5/gem5/build/RISCV/libgem5_opt.so: undefined reference to `gem5::TAGE_SC_L_64KBParams::create() const'
/usr/bin/ld: /home/pzy/Documents/gem5/gem5/build/RISCV/libgem5_opt.so: undefined reference to `gem5::ThermalCapacitorParams::create() const'
/usr/bin/ld: /home/pzy/Documents/gem5/gem5/build/RISCV/libgem5_opt.so: undefined reference to `sc_gem5::WriteChecker<(sc_core::sc_writer_policy)0>::WriteChecker(sc_gem5::ScSignalBase*)'
/usr/bin/ld: /home/pzy/Documents/gem5/gem5/build/RISCV/libgem5_opt.so: undefined reference to `gem5::IrregularStreamBufferPrefetcherParams::create() const'
/usr/bin/ld: /home/pzy/Documents/gem5/gem5/build/RISCV/libgem5_opt.so: undefined reference to `gem5::BloomFilterMultiParams::create() const'
/usr/bin/ld: /home/pzy/Documents/gem5/gem5/build/RISCV/libgem5_opt.so: undefined reference to `gem5::O3CPUParams::create() const'
/usr/bin/ld: /home/pzy/Documents/gem5/gem5/build/RISCV/libgem5_opt.so: undefined reference to `gem5::MultiperspectivePerceptronTAGE8KBParams::create() const'
/usr/bin/ld: /home/pzy/Documents/gem5/gem5/build/RISCV/libgem5_opt.so: undefined reference to `gem5::GarnetNetworkParams::create() const'
/usr/bin/ld: /home/pzy/Documents/gem5/gem5/build/RISCV/libgem5_opt.so: undefined reference to `gem5::LoopPredictorParams::create() const'
/usr/bin/ld: /home/pzy/Documents/gem5/gem5/build/RISCV/libgem5_opt.so: undefined reference to `gem5::SimpleMemoryParams::create() const'
/usr/bin/ld: /home/pzy/Documents/gem5/gem5/build/RISCV/libgem5_opt.so: undefined reference to `gem5::MultiCompressorParams::create() const'
/usr/bin/ld: /home/pzy/Documents/gem5/gem5/build/RISCV/libgem5_opt.so: undefined reference to `gem5::LTAGEParams::create() const'
/usr/bin/ld: /home/pzy/Documents/gem5/gem5/build/RISCV/libgem5_opt.so: undefined reference to `gem5::PciVirtIOParams::create() const'
/usr/bin/ld: /home/pzy/Documents/gem5/gem5/build/RISCV/libgem5_opt.so: undefined reference to `gem5::NonCachingSimpleCPUParams::create() const'
/usr/bin/ld: /home/pzy/Documents/gem5/gem5/build/RISCV/libgem5_opt.so: undefined reference to `gem5::AMPMPrefetcherParams::create() const'
/usr/bin/ld: /home/pzy/Documents/gem5/gem5/build/RISCV/libgem5_opt.so: undefined reference to `gem5::PowerStateParams::create() const'
/usr/bin/ld: /home/pzy/Documents/gem5/gem5/build/RISCV/libgem5_opt.so: undefined reference to `gem5::LocalBPParams::create() const'
/usr/bin/ld: /home/pzy/Documents/gem5/gem5/build/RISCV/libgem5_opt.so: undefined reference to `gem5::TrafficGenParams::create() const'
/usr/bin/ld: /home/pzy/Documents/gem5/gem5/build/RISCV/libgem5_opt.so: undefined reference to `gem5::CompressedTagsParams::create() const'
/usr/bin/ld: /home/pzy/Documents/gem5/gem5/build/RISCV/libgem5_opt.so: undefined reference to `gem5::TimingExprLetParams::create() const'
/usr/bin/ld: /home/pzy/Documents/gem5/gem5/build/RISCV/libgem5_opt.so: undefined reference to `gem5::FIFORPParams::create() const'
/usr/bin/ld: /home/pzy/Documents/gem5/gem5/build/RISCV/libgem5_opt.so: undefined reference to `gem5::RawDiskImageParams::create() const'
/usr/bin/ld: /home/pzy/Documents/gem5/gem5/build/RISCV/libgem5_opt.so: undefined reference to `gem5::RiscvISAParams::create() const'
/usr/bin/ld: /home/pzy/Documents/gem5/gem5/build/RISCV/libgem5_opt.so: undefined reference to `gem5::QoSPropFairPolicyParams::create() const'
/usr/bin/ld: /home/pzy/Documents/gem5/gem5/build/RISCV/libgem5_opt.so: undefined reference to `gem5::LupioPICParams::create() const'
/usr/bin/ld: /home/pzy/Documents/gem5/gem5/build/RISCV/libgem5_opt.so: undefined reference to `gem5::IdeControllerParams::create() const'
/usr/bin/ld: /home/pzy/Documents/gem5/gem5/build/RISCV/libgem5_opt.so: undefined reference to `gem5::HelloObjectParams::create() const'
/usr/bin/ld: /home/pzy/Documents/gem5/gem5/build/RISCV/libgem5_opt.so: undefined reference to `gem5::RandomRPParams::create() const'
/usr/bin/ld: /home/pzy/Documents/gem5/gem5/build/RISCV/libgem5_opt.so: undefined reference to `gem5::Base16Delta8Params::create() const'
/usr/bin/ld: /home/pzy/Documents/gem5/gem5/build/RISCV/libgem5_opt.so: undefined reference to `gem5::SeriesRequestGeneratorParams::create() const'
/usr/bin/ld: /home/pzy/Documents/gem5/gem5/build/RISCV/libgem5_opt.so: undefined reference to `gem5::FaultModelParams::create() const'
/usr/bin/ld: /home/pzy/Documents/gem5/gem5/build/RISCV/libgem5_opt.so: undefined reference to `gem5::CopyEngineParams::create() const'
/usr/bin/ld: /home/pzy/Documents/gem5/gem5/build/RISCV/libgem5_opt.so: undefined reference to `gem5::FUDescParams::create() const'
/usr/bin/ld: /home/pzy/Documents/gem5/gem5/build/RISCV/libgem5_opt.so: undefined reference to `gem5::EtherLinkParams::create() const'
/usr/bin/ld: /home/pzy/Documents/gem5/gem5/build/RISCV/libgem5_opt.so: undefined reference to `gem5::TimingExprRefParams::create() const'
/usr/bin/ld: /home/pzy/Documents/gem5/gem5/build/RISCV/libgem5_opt.so: undefined reference to `sc_gem5::ScSignalBase::valueChangedEvent() const'
/usr/bin/ld: /home/pzy/Documents/gem5/gem5/build/RISCV/libgem5_opt.so: undefined reference to `gem5::MRURPParams::create() const'
/usr/bin/ld: /home/pzy/Documents/gem5/gem5/build/RISCV/libgem5_opt.so: undefined reference to `gem5::TAGE_SC_L_LoopPredictorParams::create() const'
/usr/bin/ld: /home/pzy/Documents/gem5/gem5/build/RISCV/libgem5_opt.so: undefined reference to `gem5::RubySystemParams::create() const'
/usr/bin/ld: /home/pzy/Documents/gem5/gem5/build/RISCV/libgem5_opt.so: undefined reference to `gem5::MessageBufferParams::create() const'
/usr/bin/ld: /home/pzy/Documents/gem5/gem5/build/RISCV/libgem5_opt.so: undefined reference to `gem5::LupioTTYParams::create() const'
/usr/bin/ld: /home/pzy/Documents/gem5/gem5/build/RISCV/libgem5_opt.so: undefined reference to `gem5::RubyDirectoryMemoryParams::create() const'
/usr/bin/ld: /home/pzy/Documents/gem5/gem5/build/RISCV/libgem5_opt.so: undefined reference to `gem5::MinorOpClassSetParams::create() const'
/usr/bin/ld: /home/pzy/Documents/gem5/gem5/build/RISCV/libgem5_opt.so: undefined reference to `sc_gem5::ScSignalBase::defaultEvent() const'
/usr/bin/ld: /home/pzy/Documents/gem5/gem5/build/RISCV/libgem5_opt.so: undefined reference to `gem5::MultiperspectivePerceptronTAGE64KBParams::create() const'
/usr/bin/ld: /home/pzy/Documents/gem5/gem5/build/RISCV/libgem5_opt.so: undefined reference to `gem5::SimpleExtLinkParams::create() const'
/usr/bin/ld: /home/pzy/Documents/gem5/gem5/build/RISCV/libgem5_opt.so: undefined reference to `gem5::GoodbyeObjectParams::create() const'
/usr/bin/ld: /home/pzy/Documents/gem5/gem5/build/RISCV/libgem5_opt.so: undefined reference to `gem5::PowerModelParams::create() const'
/usr/bin/ld: /home/pzy/Documents/gem5/gem5/build/RISCV/libgem5_opt.so: undefined reference to `gem5::AccessMapPatternMatchingParams::create() const'
/usr/bin/ld: /home/pzy/Documents/gem5/gem5/build/RISCV/libgem5_opt.so: undefined reference to `gem5::SimpleDiskParams::create() const'
/usr/bin/ld: /home/pzy/Documents/gem5/gem5/build/RISCV/libgem5_opt.so: undefined reference to `gem5::ExternalMasterParams::create() const'
/usr/bin/ld: /home/pzy/Documents/gem5/gem5/build/RISCV/libgem5_opt.so: undefined reference to `gem5::FPCDParams::create() const'
/usr/bin/ld: /home/pzy/Documents/gem5/gem5/build/RISCV/libgem5_opt.so: undefined reference to `gem5::TAGE_SC_L_TAGE_64KBParams::create() const'
/usr/bin/ld: /home/pzy/Documents/gem5/gem5/build/RISCV/libgem5_opt.so: undefined reference to `gem5::MinorFUTimingParams::create() const'
/usr/bin/ld: /home/pzy/Documents/gem5/gem5/build/RISCV/libgem5_opt.so: undefined reference to `gem5::QoSMemSinkCtrlParams::create() const'
/usr/bin/ld: /home/pzy/Documents/gem5/gem5/build/RISCV/libgem5_opt.so: undefined reference to `gem5::SimpleUartParams::create() const'
/usr/bin/ld: /home/pzy/Documents/gem5/gem5/build/RISCV/libgem5_opt.so: undefined reference to `gem5::CowDiskImageParams::create() const'
/usr/bin/ld: /home/pzy/Documents/gem5/gem5/build/RISCV/libgem5_opt.so: undefined reference to `gem5::MPP_StatisticalCorrector_8KBParams::create() const'
/usr/bin/ld: /home/pzy/Documents/gem5/gem5/build/RISCV/libgem5_opt.so: undefined reference to `gem5::SnoopFilterParams::create() const'
/usr/bin/ld: /home/pzy/Documents/gem5/gem5/build/RISCV/libgem5_opt.so: undefined reference to `gem5::HMCControllerParams::create() const'
/usr/bin/ld: /home/pzy/Documents/gem5/gem5/build/RISCV/libgem5_opt.so: undefined reference to `gem5::RiscvBareMetalParams::create() const'
/usr/bin/ld: /home/pzy/Documents/gem5/gem5/build/RISCV/libgem5_opt.so: undefined reference to `gem5::BiModeBPParams::create() const'
/usr/bin/ld: /home/pzy/Documents/gem5/gem5/build/RISCV/libgem5_opt.so: undefined reference to `gem5::Base64Delta8Params::create() const'
/usr/bin/ld: /home/pzy/Documents/gem5/gem5/build/RISCV/libgem5_opt.so: undefined reference to `gem5::RubyTesterParams::create() const'
/usr/bin/ld: /home/pzy/Documents/gem5/gem5/build/RISCV/libgem5_opt.so: undefined reference to `gem5::NoncoherentXBarParams::create() const'
/usr/bin/ld: /home/pzy/Documents/gem5/gem5/build/RISCV/libgem5_opt.so: undefined reference to `gem5::CPackParams::create() const'
/usr/bin/ld: /home/pzy/Documents/gem5/gem5/build/RISCV/libgem5_opt.so: undefined reference to `gem5::RiscvInterruptsParams::create() const'
/usr/bin/ld: /home/pzy/Documents/gem5/gem5/build/RISCV/libgem5_opt.so: undefined reference to `gem5::ElasticTraceParams::create() const'
/usr/bin/ld: /home/pzy/Documents/gem5/gem5/build/RISCV/libgem5_opt.so: undefined reference to `gem5::TAGE_SC_L_TAGE_8KBParams::create() const'
/usr/bin/ld: /home/pzy/Documents/gem5/gem5/build/RISCV/libgem5_opt.so: undefined reference to `gem5::GarnetNetworkInterfaceParams::create() const'
/usr/bin/ld: /home/pzy/Documents/gem5/gem5/build/RISCV/libgem5_opt.so: undefined reference to `gem5::FALRUParams::create() const'
/usr/bin/ld: /home/pzy/Documents/gem5/gem5/build/RISCV/libgem5_opt.so: undefined reference to `gem5::PortTerminatorParams::create() const'
/usr/bin/ld: /home/pzy/Documents/gem5/gem5/build/RISCV/libgem5_opt.so: undefined reference to `gem5::TAGE_SC_L_64KB_StatisticalCorrectorParams::create() const'
/usr/bin/ld: /home/pzy/Documents/gem5/gem5/build/RISCV/libgem5_opt.so: undefined reference to `gem5::RiscvPagetableWalkerParams::create() const'
/usr/bin/ld: /home/pzy/Documents/gem5/gem5/build/RISCV/libgem5_opt.so: undefined reference to `gem5::LupioRNGParams::create() const'
/usr/bin/ld: /home/pzy/Documents/gem5/gem5/build/RISCV/libgem5_opt.so: undefined reference to `gem5::VirtIOBlockParams::create() const'
/usr/bin/ld: /home/pzy/Documents/gem5/gem5/build/RISCV/libgem5_opt.so: undefined reference to `gem5::RubySequencerParams::create() const'
/usr/bin/ld: /home/pzy/Documents/gem5/gem5/build/RISCV/libgem5_opt.so: undefined reference to `sc_core::sc_module::gem5_getPort(std::__cxx11::basic_string<char, std::char_traits<char>, std::allocator<char> > const&, int)'
/usr/bin/ld: /home/pzy/Documents/gem5/gem5/build/RISCV/libgem5_opt.so: undefined reference to `gem5::BOPPrefetcherParams::create() const'
/usr/bin/ld: /home/pzy/Documents/gem5/gem5/build/RISCV/libgem5_opt.so: undefined reference to `gem5::VirtIORngParams::create() const'
/usr/bin/ld: /home/pzy/Documents/gem5/gem5/build/RISCV/libgem5_opt.so: undefined reference to `gem5::RubyPortProxyParams::create() const'
/usr/bin/ld: /home/pzy/Documents/gem5/gem5/build/RISCV/libgem5_opt.so: undefined reference to `gem5::PS2TouchKitParams::create() const'
/usr/bin/ld: /home/pzy/Documents/gem5/gem5/build/RISCV/libgem5_opt.so: undefined reference to `gem5::SimpleMemobjParams::create() const'
/usr/bin/ld: /home/pzy/Documents/gem5/gem5/build/RISCV/libgem5_opt.so: undefined reference to `gem5::CreditLinkParams::create() const'
/usr/bin/ld: /home/pzy/Documents/gem5/gem5/build/RISCV/libgem5_opt.so: undefined reference to `gem5::SwitchParams::create() const'
/usr/bin/ld: /home/pzy/Documents/gem5/gem5/build/RISCV/libgem5_opt.so: undefined reference to `gem5::L1Cache_ControllerParams::create() const'
/usr/bin/ld: /home/pzy/Documents/gem5/gem5/build/RISCV/libgem5_opt.so: undefined reference to `gem5::RubyWireBufferParams::create() const'
/usr/bin/ld: /home/pzy/Documents/gem5/gem5/build/RISCV/libgem5_opt.so: undefined reference to `gem5::MemTraceProbeParams::create() const'
/usr/bin/ld: /home/pzy/Documents/gem5/gem5/build/RISCV/libgem5_opt.so: undefined reference to `gem5::MinorOpClassParams::create() const'
/usr/bin/ld: /home/pzy/Documents/gem5/gem5/build/RISCV/libgem5_opt.so: undefined reference to `gem5::VncInputParams::create() const'
/usr/bin/ld: /home/pzy/Documents/gem5/gem5/build/RISCV/libgem5_opt.so: undefined reference to `gem5::MPP_LoopPredictor_8KBParams::create() const'
/usr/bin/ld: /home/pzy/Documents/gem5/gem5/build/RISCV/libgem5_opt.so: undefined reference to `gem5::SkewedAssociativeParams::create() const'
/usr/bin/ld: /home/pzy/Documents/gem5/gem5/build/RISCV/libgem5_opt.so: undefined reference to `gem5::TaggedPrefetcherParams::create() const'
/usr/bin/ld: /home/pzy/Documents/gem5/gem5/build/RISCV/libgem5_opt.so: undefined reference to `gem5::Base64Delta32Params::create() const'
/usr/bin/ld: /home/pzy/Documents/gem5/gem5/build/RISCV/libgem5_opt.so: undefined reference to `gem5::BasicRouterParams::create() const'
/usr/bin/ld: /home/pzy/Documents/gem5/gem5/build/RISCV/libgem5_opt.so: undefined reference to `sc_core::sc_sensitive::operator<<(sc_gem5::Process*)'
/usr/bin/ld: /home/pzy/Documents/gem5/gem5/build/RISCV/libgem5_opt.so: undefined reference to `gem5::MinorFUPoolParams::create() const'
/usr/bin/ld: /home/pzy/Documents/gem5/gem5/build/RISCV/libgem5_opt.so: undefined reference to `gem5::SerialNullDeviceParams::create() const'
/usr/bin/ld: /home/pzy/Documents/gem5/gem5/build/RISCV/libgem5_opt.so: undefined reference to `gem5::Base32Delta8Params::create() const'
/usr/bin/ld: /home/pzy/Documents/gem5/gem5/build/RISCV/libgem5_opt.so: undefined reference to `gem5::GarnetIntLinkParams::create() const'
/usr/bin/ld: /home/pzy/Documents/gem5/gem5/build/RISCV/libgem5_opt.so: undefined reference to `gem5::LupioRTCParams::create() const'
/usr/bin/ld: /home/pzy/Documents/gem5/gem5/build/RISCV/libgem5_opt.so: undefined reference to `gem5::SimpleTraceParams::create() const'
/usr/bin/ld: /home/pzy/Documents/gem5/gem5/build/RISCV/libgem5_opt.so: undefined reference to `gem5::SrcClockDomainParams::create() const'
/usr/bin/ld: /home/pzy/Documents/gem5/gem5/build/RISCV/libgem5_opt.so: undefined reference to `gem5::SectorTagsParams::create() const'
/usr/bin/ld: /home/pzy/Documents/gem5/gem5/build/RISCV/libgem5_opt.so: undefined reference to `gem5::LFURPParams::create() const'
/usr/bin/ld: /home/pzy/Documents/gem5/gem5/build/RISCV/libgem5_opt.so: undefined reference to `gem5::MemCheckerMonitorParams::create() const'
/usr/bin/ld: /home/pzy/Documents/gem5/gem5/build/RISCV/libgem5_opt.so: undefined reference to `gem5::PciBarNoneParams::create() const'
/usr/bin/ld: /home/pzy/Documents/gem5/gem5/build/RISCV/libgem5_opt.so: undefined reference to `gem5::ProbeListenerObjectParams::create() const'
/usr/bin/ld: /home/pzy/Documents/gem5/gem5/build/RISCV/libgem5_opt.so: undefined reference to `sc_gem5::WriteChecker<(sc_core::sc_writer_policy)0>::checkPort(sc_core::sc_port_base&, std::__cxx11::basic_string<char, std::char_traits<char>, std::allocator<char> >, std::__cxx11::basic_string<char, std::char_traits<char>, std::allocator<char> >)'
/usr/bin/ld: /home/pzy/Documents/gem5/gem5/build/RISCV/libgem5_opt.so: undefined reference to `sc_gem5::ScSignalBase::~ScSignalBase()'
/usr/bin/ld: /home/pzy/Documents/gem5/gem5/build/RISCV/libgem5_opt.so: undefined reference to `gem5::NetworkBridgeParams::create() const'
/usr/bin/ld: /home/pzy/Documents/gem5/gem5/build/RISCV/libgem5_opt.so: undefined reference to `gem5::SimpleCacheParams::create() const'
/usr/bin/ld: /home/pzy/Documents/gem5/gem5/build/RISCV/libgem5_opt.so: undefined reference to `gem5::ZeroCompressorParams::create() const'
/usr/bin/ld: /home/pzy/Documents/gem5/gem5/build/RISCV/libgem5_opt.so: undefined reference to `gem5::EtherSwitchParams::create() const'
/usr/bin/ld: /home/pzy/Documents/gem5/gem5/build/RISCV/libgem5_opt.so: undefined reference to `gem5::LupVParams::create() const'
/usr/bin/ld: /home/pzy/Documents/gem5/gem5/build/RISCV/libgem5_opt.so: undefined reference to `gem5::GUPSGenParams::create() const'
/usr/bin/ld: /home/pzy/Documents/gem5/gem5/build/RISCV/libgem5_opt.so: undefined reference to `gem5::NVMInterfaceParams::create() const'
/usr/bin/ld: /home/pzy/Documents/gem5/gem5/build/RISCV/libgem5_opt.so: undefined reference to `gem5::BloomFilterPerfectParams::create() const'
/usr/bin/ld: /home/pzy/Documents/gem5/gem5/build/RISCV/libgem5_opt.so: undefined reference to `gem5::EtherTapParams::create() const'
/usr/bin/ld: /home/pzy/Documents/gem5/gem5/build/RISCV/libgem5_opt.so: undefined reference to `typeinfo for sc_gem5::ScSignalBase'
/usr/bin/ld: /home/pzy/Documents/gem5/gem5/build/RISCV/libgem5_opt.so: undefined reference to `gem5::PIFPrefetcherParams::create() const'
/usr/bin/ld: /home/pzy/Documents/gem5/gem5/build/RISCV/libgem5_opt.so: undefined reference to `gem5::BloomFilterH3Params::create() const'
/usr/bin/ld: /home/pzy/Documents/gem5/gem5/build/RISCV/libgem5_opt.so: undefined reference to `gem5::IdeDiskParams::create() const'
/usr/bin/ld: /home/pzy/Documents/gem5/gem5/build/RISCV/libgem5_opt.so: undefined reference to `gem5::MinorCPUParams::create() const'
/usr/bin/ld: /home/pzy/Documents/gem5/gem5/build/RISCV/libgem5_opt.so: undefined reference to `gem5::RiscvLinuxParams::create() const'
/usr/bin/ld: /home/pzy/Documents/gem5/gem5/build/RISCV/libgem5_opt.so: undefined reference to `gem5::RubyPrefetcherParams::create() const'
/usr/bin/ld: /home/pzy/Documents/gem5/gem5/build/RISCV/libgem5_opt.so: undefined reference to `gem5::VncServerParams::create() const'
/usr/bin/ld: /home/pzy/Documents/gem5/gem5/build/RISCV/libgem5_opt.so: undefined reference to `gem5::IsaFakeParams::create() const'
/usr/bin/ld: /home/pzy/Documents/gem5/gem5/build/RISCV/libgem5_opt.so: undefined reference to `gem5::PciLegacyIoBarParams::create() const'
/usr/bin/ld: /home/pzy/Documents/gem5/gem5/build/RISCV/libgem5_opt.so: undefined reference to `gem5::HiFiveParams::create() const'
/usr/bin/ld: /home/pzy/Documents/gem5/gem5/build/RISCV/libgem5_opt.so: undefined reference to `gem5::LupioIPIParams::create() const'
/usr/bin/ld: /home/pzy/Documents/gem5/gem5/build/RISCV/libgem5_opt.so: undefined reference to `gem5::SBOOEPrefetcherParams::create() const'
/usr/bin/ld: /home/pzy/Documents/gem5/gem5/build/RISCV/libgem5_opt.so: undefined reference to `gem5::VirtIODummyDeviceParams::create() const'
/usr/bin/ld: /home/pzy/Documents/gem5/gem5/build/RISCV/libgem5_opt.so: undefined reference to `gem5::StridePrefetcherHashedSetAssociativeParams::create() const'
/usr/bin/ld: /home/pzy/Documents/gem5/gem5/build/RISCV/libgem5_opt.so: undefined reference to `gem5::PowerDomainParams::create() const'
/usr/bin/ld: /home/pzy/Documents/gem5/gem5/build/RISCV/libgem5_opt.so: undefined reference to `gem5::RiscvMMUParams::create() const'
/usr/bin/ld: /home/pzy/Documents/gem5/gem5/build/RISCV/libgem5_opt.so: undefined reference to `gem5::TreePLRURPParams::create() const'
/usr/bin/ld: /home/pzy/Documents/gem5/gem5/build/RISCV/libgem5_opt.so: undefined reference to `gem5::DistEtherLinkParams::create() const'
/usr/bin/ld: /home/pzy/Documents/gem5/gem5/build/RISCV/libgem5_opt.so: undefined reference to `gem5::PS2KeyboardParams::create() const'
/usr/bin/ld: /home/pzy/Documents/gem5/gem5/build/RISCV/libgem5_opt.so: undefined reference to `gem5::WriteAllocatorParams::create() const'
/usr/bin/ld: /home/pzy/Documents/gem5/gem5/build/RISCV/libgem5_opt.so: undefined reference to `gem5::BadDeviceParams::create() const'
/usr/bin/ld: /home/pzy/Documents/gem5/gem5/build/RISCV/libgem5_opt.so: undefined reference to `gem5::RiscvTLBParams::create() const'
/usr/bin/ld: /home/pzy/Documents/gem5/gem5/build/RISCV/libgem5_opt.so: undefined reference to `gem5::ThermalResistorParams::create() const'
/usr/bin/ld: /home/pzy/Documents/gem5/gem5/build/RISCV/libgem5_opt.so: undefined reference to `gem5::BloomFilterBulkParams::create() const'
/usr/bin/ld: /home/pzy/Documents/gem5/gem5/build/RISCV/libgem5_opt.so: undefined reference to `gem5::SimpleNetworkParams::create() const'
/usr/bin/ld: /home/pzy/Documents/gem5/gem5/build/RISCV/libgem5_opt.so: undefined reference to `gem5::BloomFilterBlockParams::create() const'
/usr/bin/ld: /home/pzy/Documents/gem5/gem5/build/RISCV/libgem5_opt.so: undefined reference to `gem5::MPP_TAGEParams::create() const'
/usr/bin/ld: /home/pzy/Documents/gem5/gem5/build/RISCV/libgem5_opt.so: undefined reference to `gem5::IGbEParams::create() const'
/usr/bin/ld: /home/pzy/Documents/gem5/gem5/build/RISCV/libgem5_opt.so: undefined reference to `sc_gem5::ScSignalBase::_signalChange()'
/usr/bin/ld: /home/pzy/Documents/gem5/gem5/build/RISCV/libgem5_opt.so: undefined reference to `gem5::STeMSPrefetcherParams::create() const'
/usr/bin/ld: /home/pzy/Documents/gem5/gem5/build/RISCV/libgem5_opt.so: undefined reference to `gem5::RubyHTMSequencerParams::create() const'
/usr/bin/ld: /home/pzy/Documents/gem5/gem5/build/RISCV/libgem5_opt.so: undefined reference to `gem5::TAGE_SC_L_8KB_StatisticalCorrectorParams::create() const'
/usr/bin/ld: /home/pzy/Documents/gem5/gem5/build/RISCV/libgem5_opt.so: undefined reference to `gem5::SimPointParams::create() const'
/usr/bin/ld: /home/pzy/Documents/gem5/gem5/build/RISCV/libgem5_opt.so: undefined reference to `gem5::SHiPMemRPParams::create() const'
/usr/bin/ld: /home/pzy/Documents/gem5/gem5/build/RISCV/libgem5_opt.so: undefined reference to `gem5::TimingExprLiteralParams::create() const'
/usr/bin/ld: /home/pzy/Documents/gem5/gem5/build/RISCV/libgem5_opt.so: undefined reference to `gem5::RiscvDecoderParams::create() const'
/usr/bin/ld: /home/pzy/Documents/gem5/gem5/build/RISCV/libgem5_opt.so: undefined reference to `gem5::DMASequencerParams::create() const'
/usr/bin/ld: /home/pzy/Documents/gem5/gem5/build/RISCV/libgem5_opt.so: undefined reference to `gem5::GarnetExtLinkParams::create() const'
/usr/bin/ld: /home/pzy/Documents/gem5/gem5/build/RISCV/libgem5_opt.so: undefined reference to `gem5::FUPoolParams::create() const'
/usr/bin/ld: /home/pzy/Documents/gem5/gem5/build/RISCV/libgem5_opt.so: undefined reference to `gem5::Base32Delta16Params::create() const'
/usr/bin/ld: /home/pzy/Documents/gem5/gem5/build/RISCV/libgem5_opt.so: undefined reference to `sc_core::sc_module::get_child_events() const'
/usr/bin/ld: /home/pzy/Documents/gem5/gem5/build/RISCV/libgem5_opt.so: undefined reference to `sc_core::sc_trace(sc_core::sc_trace_file*, char const*, std::__cxx11::basic_string<char, std::char_traits<char>, std::allocator<char> > const&, int)'
/usr/bin/ld: /home/pzy/Documents/gem5/gem5/build/RISCV/libgem5_opt.so: undefined reference to `gem5::DMA_ControllerParams::create() const'
/usr/bin/ld: /home/pzy/Documents/gem5/gem5/build/RISCV/libgem5_opt.so: undefined reference to `sc_gem5::ScSignalBase::event() const'
/usr/bin/ld: /home/pzy/Documents/gem5/gem5/build/RISCV/libgem5_opt.so: undefined reference to `gem5::SimpleObjectParams::create() const'
/usr/bin/ld: /home/pzy/Documents/gem5/gem5/build/RISCV/libgem5_opt.so: undefined reference to `gem5::TimingExprIfParams::create() const'
/usr/bin/ld: /home/pzy/Documents/gem5/gem5/build/RISCV/libgem5_opt.so: undefined reference to `gem5::TAGEBaseParams::create() const'
/usr/bin/ld: /home/pzy/Documents/gem5/gem5/build/RISCV/libgem5_opt.so: undefined reference to `gem5::PMPParams::create() const'
/usr/bin/ld: /home/pzy/Documents/gem5/gem5/build/RISCV/libgem5_opt.so: undefined reference to `gem5::ClintParams::create() const'
/usr/bin/ld: /home/pzy/Documents/gem5/gem5/build/RISCV/libgem5_opt.so: undefined reference to `gem5::RiscvEmuLinuxParams::create() const'
/usr/bin/ld: /home/pzy/Documents/gem5/gem5/build/RISCV/libgem5_opt.so: undefined reference to `gem5::VirtIO9PDiodParams::create() const'
/usr/bin/ld: /home/pzy/Documents/gem5/gem5/build/RISCV/libgem5_opt.so: undefined reference to `gem5::FPCParams::create() const'
/usr/bin/ld: /home/pzy/Documents/gem5/gem5/build/RISCV/libgem5_opt.so: undefined reference to `gem5::InvalidateGeneratorParams::create() const'
/usr/bin/ld: /home/pzy/Documents/gem5/gem5/build/RISCV/libgem5_opt.so: undefined reference to `gem5::CoherentXBarParams::create() const'
/usr/bin/ld: /home/pzy/Documents/gem5/gem5/build/RISCV/libgem5_opt.so: undefined reference to `gem5::O3CheckerParams::create() const'
/usr/bin/ld: /home/pzy/Documents/gem5/gem5/build/RISCV/libgem5_opt.so: undefined reference to `gem5::BloomFilterMultiBitSelParams::create() const'
/usr/bin/ld: /home/pzy/Documents/gem5/gem5/build/RISCV/libgem5_opt.so: undefined reference to `sc_core::sc_port_base::size() const'
/usr/bin/ld: /home/pzy/Documents/gem5/gem5/build/RISCV/libgem5_opt.so: undefined reference to `gem5::ExeTracerParams::create() const'
/usr/bin/ld: /home/pzy/Documents/gem5/gem5/build/RISCV/libgem5_opt.so: undefined reference to `gem5::BaseSetAssocParams::create() const'
/usr/bin/ld: /home/pzy/Documents/gem5/gem5/build/RISCV/libgem5_opt.so: undefined reference to `gem5::EtherTapStubParams::create() const'
/usr/bin/ld: /home/pzy/Documents/gem5/gem5/build/RISCV/libgem5_opt.so: undefined reference to `gem5::SubSystemParams::create() const'
/usr/bin/ld: /home/pzy/Documents/gem5/gem5/build/RISCV/libgem5_opt.so: undefined reference to `gem5::SetAssociativeParams::create() const'
/usr/bin/ld: /home/pzy/Documents/gem5/gem5/build/RISCV/libgem5_opt.so: undefined reference to `gem5::TraceCPUParams::create() const'
/usr/bin/ld: /home/pzy/Documents/gem5/gem5/build/RISCV/libgem5_opt.so: undefined reference to `gem5::MultiperspectivePerceptron64KBParams::create() const'
/usr/bin/ld: /home/pzy/Documents/gem5/gem5/build/RISCV/libgem5_opt.so: undefined reference to `gem5::NoncoherentCacheParams::create() const'
/usr/bin/ld: /home/pzy/Documents/gem5/gem5/build/RISCV/libgem5_opt.so: undefined reference to `gem5::PciMemUpperBarParams::create() const'
/usr/bin/ld: /home/pzy/Documents/gem5/gem5/build/RISCV/libgem5_opt.so: undefined reference to `gem5::TAGE_SC_L_8KBParams::create() const'
/usr/bin/ld: /home/pzy/Documents/gem5/gem5/build/RISCV/libgem5_opt.so: undefined reference to `gem5::I2CBusParams::create() const'
/usr/bin/ld: /home/pzy/Documents/gem5/gem5/build/RISCV/libgem5_opt.so: undefined reference to `gem5::InstPBTraceParams::create() const'
/usr/bin/ld: /home/pzy/Documents/gem5/gem5/build/RISCV/libgem5_opt.so: undefined reference to `gem5::SimpleIntLinkParams::create() const'
/usr/bin/ld: /home/pzy/Documents/gem5/gem5/build/RISCV/libgem5_opt.so: undefined reference to `gem5::ThermalReferenceParams::create() const'
/usr/bin/ld: /home/pzy/Documents/gem5/gem5/build/RISCV/libgem5_opt.so: undefined reference to `gem5::MemFootprintProbeParams::create() const'
/usr/bin/ld: /home/pzy/Documents/gem5/gem5/build/RISCV/libgem5_opt.so: undefined reference to `gem5::RangeAddrMapperParams::create() const'
/usr/bin/ld: /home/pzy/Documents/gem5/gem5/build/RISCV/libgem5_opt.so: undefined reference to `gem5::BasicExtLinkParams::create() const'
/usr/bin/ld: /home/pzy/Documents/gem5/gem5/build/RISCV/libgem5_opt.so: undefined reference to `gem5::TimingExprSrcRegParams::create() const'
/usr/bin/ld: /home/pzy/Documents/gem5/gem5/build/RISCV/libgem5_opt.so: undefined reference to `gem5::PS2MouseParams::create() const'
/usr/bin/ld: /home/pzy/Documents/gem5/gem5/build/RISCV/libgem5_opt.so: undefined reference to `gem5::GenericPciHostParams::create() const'
/usr/bin/ld: /home/pzy/Documents/gem5/gem5/build/RISCV/libgem5_opt.so: undefined reference to `gem5::ThermalModelParams::create() const'
/usr/bin/ld: /home/pzy/Documents/gem5/gem5/build/RISCV/libgem5_opt.so: undefined reference to `gem5::BasicLinkParams::create() const'
/usr/bin/ld: /home/pzy/Documents/gem5/gem5/build/RISCV/libgem5_opt.so: undefined reference to `gem5::OutgoingRequestBridgeParams::create() const'
/usr/bin/ld: /home/pzy/Documents/gem5/gem5/build/RISCV/libgem5_opt.so: undefined reference to `sc_core::sc_abort()'
/usr/bin/ld: /home/pzy/Documents/gem5/gem5/build/RISCV/libgem5_opt.so: undefined reference to `gem5::MathExprPowerModelParams::create() const'
/usr/bin/ld: /home/pzy/Documents/gem5/gem5/build/RISCV/libgem5_opt.so: undefined reference to `gem5::IndirectMemoryPrefetcherParams::create() const'
/usr/bin/ld: /home/pzy/Documents/gem5/gem5/build/RISCV/libgem5_opt.so: undefined reference to `gem5::Directory_ControllerParams::create() const'
/usr/bin/ld: /home/pzy/Documents/gem5/gem5/build/RISCV/libgem5_opt.so: undefined reference to `gem5::StackDistProbeParams::create() const'
/usr/bin/ld: /home/pzy/Documents/gem5/gem5/build/RISCV/libgem5_opt.so: undefined reference to `gem5::QoSFixedPriorityPolicyParams::create() const'
/usr/bin/ld: /home/pzy/Documents/gem5/gem5/build/RISCV/libgem5_opt.so: undefined reference to `gem5::SignaturePathPrefetcherV2Params::create() const'
/usr/bin/ld: /home/pzy/Documents/gem5/gem5/build/RISCV/libgem5_opt.so: undefined reference to `gem5::LupioSYSParams::create() const'
/usr/bin/ld: /home/pzy/Documents/gem5/gem5/build/RISCV/libgem5_opt.so: undefined reference to `gem5::MPP_StatisticalCorrector_64KBParams::create() const'
/usr/bin/ld: /home/pzy/Documents/gem5/gem5/build/RISCV/libgem5_opt.so: undefined reference to `gem5::StubWorkloadParams::create() const'
/usr/bin/ld: /home/pzy/Documents/gem5/gem5/build/RISCV/libgem5_opt.so: undefined reference to `gem5::OpDescParams::create() const'
/usr/bin/ld: /home/pzy/Documents/gem5/gem5/build/RISCV/libgem5_opt.so: undefined reference to `gem5::KernelWorkloadParams::create() const'
/usr/bin/ld: /home/pzy/Documents/gem5/gem5/build/RISCV/libgem5_opt.so: undefined reference to `gem5::MemTestParams::create() const'
/usr/bin/ld: /home/pzy/Documents/gem5/gem5/build/RISCV/libgem5_opt.so: undefined reference to `gem5::EtherDumpParams::create() const'
/usr/bin/ld: /home/pzy/Documents/gem5/gem5/build/RISCV/libgem5_opt.so: undefined reference to `gem5::LRURPParams::create() const'
/usr/bin/ld: /home/pzy/Documents/gem5/gem5/build/RISCV/libgem5_opt.so: undefined reference to `gem5::Uart8250Params::create() const'
/usr/bin/ld: /home/pzy/Documents/gem5/gem5/build/RISCV/libgem5_opt.so: undefined reference to `gem5::PciIoBarParams::create() const'
/usr/bin/ld: /home/pzy/Documents/gem5/gem5/build/RISCV/libgem5_opt.so: undefined reference to `gem5::StridePrefetcherParams::create() const'
/usr/bin/ld: /home/pzy/Documents/gem5/gem5/build/RISCV/libgem5_opt.so: undefined reference to `gem5::PerfectCompressorParams::create() const'
/usr/bin/ld: /home/pzy/Documents/gem5/gem5/build/RISCV/libgem5_opt.so: undefined reference to `gem5::DRAMInterfaceParams::create() const'
/usr/bin/ld: /home/pzy/Documents/gem5/gem5/build/RISCV/libgem5_opt.so: undefined reference to `gem5::TimingExprUnParams::create() const'
/usr/bin/ld: /home/pzy/Documents/gem5/gem5/build/RISCV/libgem5_opt.so: undefined reference to `gem5::DerivedClockDomainParams::create() const'
/usr/bin/ld: /home/pzy/Documents/gem5/gem5/build/RISCV/libgem5_opt.so: undefined reference to `gem5::SHiPPCRPParams::create() const'
/usr/bin/ld: /home/pzy/Documents/gem5/gem5/build/RISCV/libgem5_opt.so: undefined reference to `gem5::BIPRPParams::create() const'
/usr/bin/ld: /home/pzy/Documents/gem5/gem5/build/RISCV/libgem5_opt.so: undefined reference to `gem5::ThermalNodeParams::create() const'
/usr/bin/ld: /home/pzy/Documents/gem5/gem5/build/RISCV/libgem5_opt.so: undefined reference to `gem5::PciMemBarParams::create() const'
/usr/bin/ld: /home/pzy/Documents/gem5/gem5/build/RISCV/libgem5_opt.so: undefined reference to `gem5::MultiPrefetcherParams::create() const'
/usr/bin/ld: /home/pzy/Documents/gem5/gem5/build/RISCV/libgem5_opt.so: undefined reference to `gem5::SystemParams::create() const'
/usr/bin/ld: /home/pzy/Documents/gem5/gem5/build/RISCV/libgem5_opt.so: undefined reference to `gem5::VoltageDomainParams::create() const'
/usr/bin/ld: /home/pzy/Documents/gem5/gem5/build/RISCV/libgem5_opt.so: undefined reference to `gem5::DuelingRPParams::create() const'
/usr/bin/ld: /home/pzy/Documents/gem5/gem5/build/RISCV/libgem5_opt.so: undefined reference to `gem5::Base64Delta16Params::create() const'
/usr/bin/ld: /home/pzy/Documents/gem5/gem5/build/RISCV/libgem5_opt.so: undefined reference to `gem5::MultiperspectivePerceptron8KBParams::create() const'
/usr/bin/ld: /home/pzy/Documents/gem5/gem5/build/RISCV/libgem5_opt.so: undefined reference to `gem5::SlimAMPMPrefetcherParams::create() const'
/usr/bin/ld: /home/pzy/Documents/gem5/gem5/build/RISCV/libgem5_opt.so: undefined reference to `gem5::BRRIPRPParams::create() const'
/usr/bin/ld: /home/pzy/Documents/gem5/gem5/build/RISCV/libgem5_opt.so: undefined reference to `gem5::RubyDirectedTesterParams::create() const'
collect2: error: ld returned 1 exit status
scons: *** [build/examples/master_port/gem5.sc] Error 1
scons: building terminated because of errors.
